<component name="libraryTable">
  <library name="junit-3.8.2">
    <CLASSES>
      <root url="jar://$USER_HOME$/.gradle/caches/artifacts-26/filestore/junit/junit/3.8.2/jar/7e4cde26b53a9a0e3fe5b00d1dbbc7cc1d46060/junit-3.8.2.jar!/" />
    </CLASSES>
    <JAVADOC />
    <SOURCES />
  </library>
</component>